2024-05-15 13:14:26,481 ERROR 55132 nodejs.unhandledRejectionError: Addon class 'tray' not exists or do not call directly at the top!
    at Object.get (D:\Project\frontend-repo\electron-egg\node_modules\ee-core\addon\index.js:28:13)
    at D:\Project\frontend-repo\electron-egg\electron\preload\index.js:12:9
    at AppLoader.loadFile (D:\Project\frontend-repo\electron-egg\node_modules\ee-core\core\lib\loader\ee_loader.js:259:13)
    at Index._loderPreload (D:\Project\frontend-repo\electron-egg\node_modules\ee-core\ee\eeApp.js:368:33)
    at Index.createWindow (D:\Project\frontend-repo\electron-egg\node_modules\ee-core\ee\eeApp.js:98:16)
name: "unhandledRejectionError"
pid: 55132
hostname: CANDYFLOSS

2024-05-15 13:14:50,925 ERROR 28784 nodejs.unhandledRejectionError: Addon class 'tray' not exists or do not call directly at the top!
    at Object.get (D:\Project\frontend-repo\electron-egg\node_modules\ee-core\addon\index.js:28:13)
    at D:\Project\frontend-repo\electron-egg\electron\preload\index.js:12:9
    at AppLoader.loadFile (D:\Project\frontend-repo\electron-egg\node_modules\ee-core\core\lib\loader\ee_loader.js:259:13)
    at Index._loderPreload (D:\Project\frontend-repo\electron-egg\node_modules\ee-core\ee\eeApp.js:368:33)
    at Index.createWindow (D:\Project\frontend-repo\electron-egg\node_modules\ee-core\ee\eeApp.js:98:16)
name: "unhandledRejectionError"
pid: 28784
hostname: CANDYFLOSS

2024-05-15 13:17:34,784 ERROR 27732 nodejs.unhandledRejectionError: Addon class 'tray' not exists or do not call directly at the top!
    at Object.get (D:\Project\frontend-repo\electron-egg\node_modules\ee-core\addon\index.js:28:13)
    at D:\Project\frontend-repo\electron-egg\electron\preload\index.js:12:9
    at AppLoader.loadFile (D:\Project\frontend-repo\electron-egg\node_modules\ee-core\core\lib\loader\ee_loader.js:259:13)
    at Index._loderPreload (D:\Project\frontend-repo\electron-egg\node_modules\ee-core\ee\eeApp.js:368:33)
    at Index.createWindow (D:\Project\frontend-repo\electron-egg\node_modules\ee-core\ee\eeApp.js:98:16)
name: "unhandledRejectionError"
pid: 27732
hostname: CANDYFLOSS

2024-05-15 13:17:50,826 ERROR 30428 nodejs.unhandledRejectionError: Addon class 'tray' not exists or do not call directly at the top!
    at Object.get (D:\Project\frontend-repo\electron-egg\node_modules\ee-core\addon\index.js:28:13)
    at D:\Project\frontend-repo\electron-egg\electron\preload\index.js:12:9
    at AppLoader.loadFile (D:\Project\frontend-repo\electron-egg\node_modules\ee-core\core\lib\loader\ee_loader.js:259:13)
    at Index._loderPreload (D:\Project\frontend-repo\electron-egg\node_modules\ee-core\ee\eeApp.js:368:33)
    at Index.createWindow (D:\Project\frontend-repo\electron-egg\node_modules\ee-core\ee\eeApp.js:98:16)
name: "unhandledRejectionError"
pid: 30428
hostname: CANDYFLOSS

2024-05-15 13:18:25,471 ERROR 46020 nodejs.unhandledRejectionError: Addon class 'tray' not exists or do not call directly at the top!
    at Object.get (D:\Project\frontend-repo\electron-egg\node_modules\ee-core\addon\index.js:28:13)
    at D:\Project\frontend-repo\electron-egg\electron\preload\index.js:12:9
    at AppLoader.loadFile (D:\Project\frontend-repo\electron-egg\node_modules\ee-core\core\lib\loader\ee_loader.js:259:13)
    at Index._loderPreload (D:\Project\frontend-repo\electron-egg\node_modules\ee-core\ee\eeApp.js:368:33)
    at Index.createWindow (D:\Project\frontend-repo\electron-egg\node_modules\ee-core\ee\eeApp.js:98:16)
name: "unhandledRejectionError"
pid: 46020
hostname: CANDYFLOSS

2024-05-15 13:22:44,515 ERROR 53780 nodejs.unhandledExceptionError: Cannot create BrowserWindow before app is ready
    at Object.<anonymous> (D:\Project\frontend-repo\electron-egg\main.js:5:13)
    at Module._compile (node:internal/modules/cjs/loader:1120:14)
    at Module._extensions..js (node:internal/modules/cjs/loader:1175:10)
    at Module.load (node:internal/modules/cjs/loader:988:32)
    at Module._load (node:internal/modules/cjs/loader:829:12)
    at c._load (node:electron/js2c/asar_bundle:5:13343)
    at loadApplicationPackage (D:\Project\frontend-repo\electron-egg\node_modules\electron\dist\resources\default_app.asar\main.js:121:16)
    at Object.<anonymous> (D:\Project\frontend-repo\electron-egg\node_modules\electron\dist\resources\default_app.asar\main.js:233:9)
    at Module._compile (node:internal/modules/cjs/loader:1120:14)
    at Module._extensions..js (node:internal/modules/cjs/loader:1175:10)
name: "unhandledExceptionError"
pid: 53780
hostname: CANDYFLOSS

2024-05-15 13:22:44,957 ERROR 53780 nodejs.unhandledRejectionError: Addon class 'tray' not exists or do not call directly at the top!
    at Object.get (D:\Project\frontend-repo\electron-egg\node_modules\ee-core\addon\index.js:28:13)
    at D:\Project\frontend-repo\electron-egg\electron\preload\index.js:12:9
    at AppLoader.loadFile (D:\Project\frontend-repo\electron-egg\node_modules\ee-core\core\lib\loader\ee_loader.js:259:13)
    at Index._loderPreload (D:\Project\frontend-repo\electron-egg\node_modules\ee-core\ee\eeApp.js:368:33)
    at Index.createWindow (D:\Project\frontend-repo\electron-egg\node_modules\ee-core\ee\eeApp.js:98:16)
name: "unhandledRejectionError"
pid: 53780
hostname: CANDYFLOSS

2024-05-15 13:23:06,250 ERROR 44564 nodejs.unhandledExceptionError: Cannot create BrowserWindow before app is ready
    at Object.<anonymous> (D:\Project\frontend-repo\electron-egg\main.js:5:13)
    at Module._compile (node:internal/modules/cjs/loader:1120:14)
    at Module._extensions..js (node:internal/modules/cjs/loader:1175:10)
    at Module.load (node:internal/modules/cjs/loader:988:32)
    at Module._load (node:internal/modules/cjs/loader:829:12)
    at c._load (node:electron/js2c/asar_bundle:5:13343)
    at loadApplicationPackage (D:\Project\frontend-repo\electron-egg\node_modules\electron\dist\resources\default_app.asar\main.js:121:16)
    at Object.<anonymous> (D:\Project\frontend-repo\electron-egg\node_modules\electron\dist\resources\default_app.asar\main.js:233:9)
    at Module._compile (node:internal/modules/cjs/loader:1120:14)
    at Module._extensions..js (node:internal/modules/cjs/loader:1175:10)
name: "unhandledExceptionError"
pid: 44564
hostname: CANDYFLOSS

2024-05-15 13:28:57,660 ERROR 56176 nodejs.unhandledExceptionError: Cannot create BrowserWindow before app is ready
    at Object.<anonymous> (D:\Project\frontend-repo\electron-egg\main.js:5:13)
    at Module._compile (node:internal/modules/cjs/loader:1120:14)
    at Module._extensions..js (node:internal/modules/cjs/loader:1175:10)
    at Module.load (node:internal/modules/cjs/loader:988:32)
    at Module._load (node:internal/modules/cjs/loader:829:12)
    at c._load (node:electron/js2c/asar_bundle:5:13343)
    at loadApplicationPackage (D:\Project\frontend-repo\electron-egg\node_modules\electron\dist\resources\default_app.asar\main.js:121:16)
    at Object.<anonymous> (D:\Project\frontend-repo\electron-egg\node_modules\electron\dist\resources\default_app.asar\main.js:233:9)
    at Module._compile (node:internal/modules/cjs/loader:1120:14)
    at Module._extensions..js (node:internal/modules/cjs/loader:1175:10)
name: "unhandledExceptionError"
pid: 56176
hostname: CANDYFLOSS

2024-05-15 17:57:11,283 ERROR 54092 [ee-core] [socket/IpcServer] invoke/handle throw error: TypeError: Cannot read properties of undefined (reading 'mainWindow')
    at ExampleController.hello (D:\Project\frontend-repo\electron-egg\electron\controller\example.js:36:26)
